app/build/outputs/logs/manifest-merger-debug-report.txt
-- Merging decision tree log ---
manifest
ADDED from src\main\AndroidManifest.xml:2:1-271:12
INJECTED from src\main\AndroidManifest.xml:2:1-271:12
INJECTED from src\main\AndroidManifest.xml:2:1-271:12
INJECTED from src\main\AndroidManifest.xml:2:1-271:12
MERGED from [com.squareup.leakcanary:leakcanary-support-fragment:1.6.2] AndroidManifest.xml:17:1-25:12
MERGED from [com.squareup.leakcanary:leakcanary-android:1.6.2] AndroidManifest.xml:17:1-74:12
MERGED from [com.android.support:multidex:1.0.2] AndroidManifest.xml:17:1-22:12
MERGED from [:tuikit] AndroidManifest.xml:2:1-53:12
MERGED from [com.android.support:appcompat-v7:27.1.1] AndroidManifest.xml:17:1-22:12
MERGED from [com.android.support.constraint:constraint-layout:1.1.2] AndroidManifest.xml:2:1-11:12
MERGED from [com.tencent.qcloud:cosxml:5.4.26] AndroidManifest.xml:2:1-17:12
MERGED from [com.tencent.qcloud:qcloud-foundation:1.5.10] AndroidManifest.xml:2:1-14:12
MERGED from [com.android.support:recyclerview-v7:27.1.1] AndroidManifest.xml:17:1-22:12
MERGED from [com.huawei.android.hms:push:2.6.3.301] AndroidManifest.xml:2:1-9:12
MERGED from [com.huawei.android.hms:base:2.6.3.301] AndroidManifest.xml:2:1-23:12
MERGED from [com.meizu.flyme.internet:push-internal:3.6.7] AndroidManifest.xml:2:1-34:12
MERGED from [com.tencent.bugly:crashreport:2.6.6] AndroidManifest.xml:2:1-9:12
MERGED from [com.tencent.bugly:nativecrashreport:3.3.1] AndroidManifest.xml:2:1-9:12
MERGED from [com.squareup.leakcanary:leakcanary-analyzer:1.6.2] AndroidManifest.xml:17:1-24:12
MERGED from [com.android.support:animated-vector-drawable:27.1.1] AndroidManifest.xml:17:1-22:12
MERGED from [com.android.support:support-v4:27.1.1] AndroidManifest.xml:17:1-22:12
MERGED from [com.github.bumptech.glide:glide:4.7.1] AndroidManifest.xml:2:1-13:12
MERGED from [com.android.support:support-fragment:27.1.1] AndroidManifest.xml:17:1-22:12
MERGED from [com.android.support:support-core-ui:27.1.1] AndroidManifest.xml:17:1-22:12
MERGED from [com.android.support:support-core-utils:27.1.1] AndroidManifest.xml:17:1-22:12
MERGED from [com.android.support:support-vector-drawable:27.1.1] AndroidManifest.xml:17:1-22:12
MERGED from [com.android.support:support-media-compat:27.1.1] AndroidManifest.xml:17:1-22:12
MERGED from [com.android.support:support-compat:27.1.1] AndroidManifest.xml:17:1-22:12
MERGED from [com.github.bumptech.glide:gifdecoder:4.7.1] AndroidManifest.xml:2:1-11:12
MERGED from [com.tencent.imsdk:imsdk:4.4.627] AndroidManifest.xml:2:1-44:12
MERGED from [it.sephiroth.android.library.imagezoom:library:1.0.4] AndroidManifest.xml:1:106-7:12
MERGED from [com.tencent.qcloud:mtaUtils:5.4.16] AndroidManifest.xml:2:1-21:12
MERGED from [com.tencent.qcloud:logUtils:5.4.22] AndroidManifest.xml:2:1-18:12
MERGED from [android.arch.lifecycle:runtime:1.1.0] AndroidManifest.xml:17:1-22:12
MERGED from [it.sephiroth.android.library.easing:library:1.0.2] AndroidManifest.xml:1:116-8:12
MERGED from [com.qq.mta:mta:3.4.7-release] AndroidManifest.xml:2:1-38:12
MERGED from [com.tencent.mid:mid:4.06-Release] AndroidManifest.xml:2:1-19:12
MERGED from [android.arch.lifecycle:livedata-core:1.1.0] AndroidManifest.xml:17:1-22:12
MERGED from [android.arch.core:runtime:1.1.0] AndroidManifest.xml:17:1-22:12
MERGED from [android.arch.lifecycle:viewmodel:1.1.0] AndroidManifest.xml:17:1-22:12
INJECTED from src\main\AndroidManifest.xml:2:1-271:12
INJECTED from src\main\AndroidManifest.xml:2:1-271:12
INJECTED from src\main\AndroidManifest.xml:2:1-271:12
	package
		ADDED from src\main\AndroidManifest.xml:3:5-42
		INJECTED from src\main\AndroidManifest.xml
		INJECTED from src\main\AndroidManifest.xml
	android:versionName
		INJECTED from src\main\AndroidManifest.xml
		ADDED from src\main\AndroidManifest.xml:2:1-271:12
		INJECTED from src\main\AndroidManifest.xml
	android:versionCode
		INJECTED from src\main\AndroidManifest.xml
		ADDED from src\main\AndroidManifest.xml:2:1-271:12
		INJECTED from src\main\AndroidManifest.xml
	xmlns:android
		ADDED from src\main\AndroidManifest.xml:2:11-69
uses-permission#android.permission.ACCESS_NETWORK_STATE
ADDED from src\main\AndroidManifest.xml:5:5-79
MERGED from [:tuikit] AndroidManifest.xml:11:5-79
MERGED from [:tuikit] AndroidManifest.xml:11:5-79
MERGED from [com.tencent.qcloud:cosxml:5.4.26] AndroidManifest.xml:11:5-79
MERGED from [com.tencent.qcloud:cosxml:5.4.26] AndroidManifest.xml:11:5-79
MERGED from [com.meizu.flyme.internet:push-internal:3.6.7] AndroidManifest.xml:13:5-79
MERGED from [com.meizu.flyme.internet:push-internal:3.6.7] AndroidManifest.xml:13:5-79
MERGED from [com.tencent.imsdk:imsdk:4.4.627] AndroidManifest.xml:13:5-79
MERGED from [com.tencent.imsdk:imsdk:4.4.627] AndroidManifest.xml:13:5-79
MERGED from [com.qq.mta:mta:3.4.7-release] AndroidManifest.xml:13:5-79
MERGED from [com.qq.mta:mta:3.4.7-release] AndroidManifest.xml:13:5-79
	android:name
		ADDED from src\main\AndroidManifest.xml:5:22-76
uses-permission#android.permission.INTERNET
ADDED from src\main\AndroidManifest.xml:6:5-67
MERGED from [com.tencent.qcloud:cosxml:5.4.26] AndroidManifest.xml:12:5-67
MERGED from [com.tencent.qcloud:cosxml:5.4.26] AndroidManifest.xml:12:5-67
MERGED from [com.meizu.flyme.internet:push-internal:3.6.7] AndroidManifest.xml:11:5-67
MERGED from [com.meizu.flyme.internet:push-internal:3.6.7] AndroidManifest.xml:11:5-67
MERGED from [com.tencent.imsdk:imsdk:4.4.627] AndroidManifest.xml:12:5-67
MERGED from [com.tencent.imsdk:imsdk:4.4.627] AndroidManifest.xml:12:5-67
MERGED from [com.qq.mta:mta:3.4.7-release] AndroidManifest.xml:12:5-67
MERGED from [com.qq.mta:mta:3.4.7-release] AndroidManifest.xml:12:5-67
	android:name
		ADDED from src\main\AndroidManifest.xml:6:22-64
uses-permission#android.permission.ACCESS_WIFI_STATE
ADDED from src\main\AndroidManifest.xml:7:5-76
MERGED from [:tuikit] AndroidManifest.xml:12:5-76
MERGED from [:tuikit] AndroidManifest.xml:12:5-76
MERGED from [com.tencent.qcloud:cosxml:5.4.26] AndroidManifest.xml:15:5-76
MERGED from [com.tencent.qcloud:cosxml:5.4.26] AndroidManifest.xml:15:5-76
MERGED from [com.meizu.flyme.internet:push-internal:3.6.7] AndroidManifest.xml:16:5-76
MERGED from [com.meizu.flyme.internet:push-internal:3.6.7] AndroidManifest.xml:16:5-76
MERGED from [com.tencent.imsdk:imsdk:4.4.627] AndroidManifest.xml:14:5-76
MERGED from [com.tencent.imsdk:imsdk:4.4.627] AndroidManifest.xml:14:5-76
MERGED from [com.qq.mta:mta:3.4.7-release] AndroidManifest.xml:14:5-76
MERGED from [com.qq.mta:mta:3.4.7-release] AndroidManifest.xml:14:5-76
	android:name
		ADDED from src\main\AndroidManifest.xml:7:22-73
uses-permission#android.permission.WRITE_EXTERNAL_STORAGE
ADDED from src\main\AndroidManifest.xml:9:5-81
MERGED from [com.squareup.leakcanary:leakcanary-android:1.6.2] AndroidManifest.xml:24:5-81
MERGED from [com.squareup.leakcanary:leakcanary-android:1.6.2] AndroidManifest.xml:24:5-81
MERGED from [:tuikit] AndroidManifest.xml:14:5-81
MERGED from [:tuikit] AndroidManifest.xml:14:5-81
MERGED from [com.tencent.qcloud:cosxml:5.4.26] AndroidManifest.xml:14:5-81
MERGED from [com.tencent.qcloud:cosxml:5.4.26] AndroidManifest.xml:14:5-81
MERGED from [com.meizu.flyme.internet:push-internal:3.6.7] AndroidManifest.xml:15:5-81
MERGED from [com.meizu.flyme.internet:push-internal:3.6.7] AndroidManifest.xml:15:5-81
MERGED from [com.tencent.qcloud:logUtils:5.4.22] AndroidManifest.xml:12:5-81
MERGED from [com.tencent.qcloud:logUtils:5.4.22] AndroidManifest.xml:12:5-81
MERGED from [com.qq.mta:mta:3.4.7-release] AndroidManifest.xml:16:5-81
MERGED from [com.qq.mta:mta:3.4.7-release] AndroidManifest.xml:16:5-81
	android:name
		ADDED from src\main\AndroidManifest.xml:9:22-78
uses-permission#android.permission.CAMERA
ADDED from src\main\AndroidManifest.xml:10:5-65
	android:name
		ADDED from src\main\AndroidManifest.xml:10:22-62
uses-permission#android.permission.RECORD_AUDIO
ADDED from src\main\AndroidManifest.xml:11:5-71
	android:name
		ADDED from src\main\AndroidManifest.xml:11:22-68
uses-permission#android.permission.READ_PHONE_STATE
ADDED from src\main\AndroidManifest.xml:12:5-75
MERGED from [:tuikit] AndroidManifest.xml:13:5-75
MERGED from [:tuikit] AndroidManifest.xml:13:5-75
MERGED from [com.meizu.flyme.internet:push-internal:3.6.7] AndroidManifest.xml:12:5-75
MERGED from [com.meizu.flyme.internet:push-internal:3.6.7] AndroidManifest.xml:12:5-75
MERGED from [com.qq.mta:mta:3.4.7-release] AndroidManifest.xml:15:5-75
MERGED from [com.qq.mta:mta:3.4.7-release] AndroidManifest.xml:15:5-75
	android:name
		ADDED from src\main\AndroidManifest.xml:12:22-72
uses-permission#android.permission.READ_LOGS
ADDED from src\main\AndroidManifest.xml:13:5-68
	android:name
		ADDED from src\main\AndroidManifest.xml:13:22-65
uses-permission#android.permission.VIBRATE
ADDED from src\main\AndroidManifest.xml:14:5-66
MERGED from [com.qq.mta:mta:3.4.7-release] AndroidManifest.xml:21:5-66
MERGED from [com.qq.mta:mta:3.4.7-release] AndroidManifest.xml:21:5-66
	android:name
		ADDED from src\main\AndroidManifest.xml:14:22-63
uses-permission#android.permission.REQUEST_INSTALL_PACKAGES
ADDED from src\main\AndroidManifest.xml:15:5-83
	android:name
		ADDED from src\main\AndroidManifest.xml:15:22-80
permission#com.hyc.IMDemo.permission.PROCESS_PUSH_MSG
ADDED from src\main\AndroidManifest.xml:16:5-18:55
	android:protectionLevel
		ADDED from src\main\AndroidManifest.xml:18:9-52
	android:name
		ADDED from src\main\AndroidManifest.xml:17:9-66
uses-permission#com.tencent.qcloud.tim.tuikit.permission.PROCESS_PUSH_MSG
ADDED from src\main\AndroidManifest.xml:22:5-97
	android:name
		ADDED from src\main\AndroidManifest.xml:22:22-94
permission#com.tencent.qcloud.tim.tuikit.permission.MIPUSH_RECEIVE
ADDED from src\main\AndroidManifest.xml:23:5-25:47
	android:protectionLevel
		ADDED from src\main\AndroidManifest.xml:25:9-44
	android:name
		ADDED from src\main\AndroidManifest.xml:24:9-79
uses-permission#com.tencent.qcloud.tim.tuikit.permission.MIPUSH_RECEIVE
ADDED from src\main\AndroidManifest.xml:27:5-95
	android:name
		ADDED from src\main\AndroidManifest.xml:27:22-92
uses-permission#com.meizu.flyme.push.permission.RECEIVE
ADDED from src\main\AndroidManifest.xml:29:5-79
	android:name
		ADDED from src\main\AndroidManifest.xml:29:22-76
permission#com.tencent.qcloud.tim.tuikit.push.permission.MESSAGE
ADDED from src\main\AndroidManifest.xml:31:5-33:47
	android:protectionLevel
		ADDED from src\main\AndroidManifest.xml:33:9-44
	android:name
		ADDED from src\main\AndroidManifest.xml:32:9-77
uses-permission#com.tencent.qcloud.tim.tuikit.push.permission.MESSAGE
ADDED from src\main\AndroidManifest.xml:35:5-93
	android:name
		ADDED from src\main\AndroidManifest.xml:35:22-90
uses-permission#com.meizu.c2dm.permission.RECEIVE
ADDED from src\main\AndroidManifest.xml:36:5-73
	android:name
		ADDED from src\main\AndroidManifest.xml:36:22-70
permission#com.tencent.qcloud.tim.tuikit.permission.C2D_MESSAGE
ADDED from src\main\AndroidManifest.xml:38:5-40:47
	android:protectionLevel
		ADDED from src\main\AndroidManifest.xml:40:9-44
	android:name
		ADDED from src\main\AndroidManifest.xml:39:9-76
uses-permission#com.tencent.qcloud.tim.tuikit.permission.C2D_MESSAGE
ADDED from src\main\AndroidManifest.xml:42:5-92
	android:name
		ADDED from src\main\AndroidManifest.xml:42:22-89
application
ADDED from src\main\AndroidManifest.xml:44:5-269:19
MERGED from [com.squareup.leakcanary:leakcanary-support-fragment:1.6.2] AndroidManifest.xml:22:5-23:19
MERGED from [com.squareup.leakcanary:leakcanary-support-fragment:1.6.2] AndroidManifest.xml:22:5-23:19
MERGED from [com.squareup.leakcanary:leakcanary-android:1.6.2] AndroidManifest.xml:28:5-72:19
MERGED from [com.squareup.leakcanary:leakcanary-android:1.6.2] AndroidManifest.xml:28:5-72:19
MERGED from [:tuikit] AndroidManifest.xml:17:5-51:19
MERGED from [:tuikit] AndroidManifest.xml:17:5-51:19
MERGED from [com.android.support.constraint:constraint-layout:1.1.2] AndroidManifest.xml:9:5-20
MERGED from [com.android.support.constraint:constraint-layout:1.1.2] AndroidManifest.xml:9:5-20
MERGED from [com.tencent.qcloud:qcloud-foundation:1.5.10] AndroidManifest.xml:11:5-12:19
MERGED from [com.tencent.qcloud:qcloud-foundation:1.5.10] AndroidManifest.xml:11:5-12:19
MERGED from [com.huawei.android.hms:base:2.6.3.301] AndroidManifest.xml:9:5-21:19
MERGED from [com.huawei.android.hms:base:2.6.3.301] AndroidManifest.xml:9:5-21:19
MERGED from [com.meizu.flyme.internet:push-internal:3.6.7] AndroidManifest.xml:18:5-32:19
MERGED from [com.meizu.flyme.internet:push-internal:3.6.7] AndroidManifest.xml:18:5-32:19
MERGED from [com.squareup.leakcanary:leakcanary-analyzer:1.6.2] AndroidManifest.xml:22:5-20
MERGED from [com.squareup.leakcanary:leakcanary-analyzer:1.6.2] AndroidManifest.xml:22:5-20
MERGED from [com.github.bumptech.glide:glide:4.7.1] AndroidManifest.xml:11:5-20
MERGED from [com.github.bumptech.glide:glide:4.7.1] AndroidManifest.xml:11:5-20
MERGED from [com.github.bumptech.glide:gifdecoder:4.7.1] AndroidManifest.xml:9:5-20
MERGED from [com.github.bumptech.glide:gifdecoder:4.7.1] AndroidManifest.xml:9:5-20
MERGED from [com.tencent.imsdk:imsdk:4.4.627] AndroidManifest.xml:16:5-42:19
MERGED from [com.tencent.imsdk:imsdk:4.4.627] AndroidManifest.xml:16:5-42:19
MERGED from [it.sephiroth.android.library.imagezoom:library:1.0.4] AndroidManifest.xml:5:5-19
MERGED from [it.sephiroth.android.library.imagezoom:library:1.0.4] AndroidManifest.xml:5:5-19
MERGED from [com.tencent.qcloud:mtaUtils:5.4.16] AndroidManifest.xml:12:5-19:19
MERGED from [com.tencent.qcloud:mtaUtils:5.4.16] AndroidManifest.xml:12:5-19:19
MERGED from [com.tencent.qcloud:logUtils:5.4.22] AndroidManifest.xml:14:5-16:19
MERGED from [com.tencent.qcloud:logUtils:5.4.22] AndroidManifest.xml:14:5-16:19
MERGED from [it.sephiroth.android.library.easing:library:1.0.2] AndroidManifest.xml:5:5-6:19
MERGED from [it.sephiroth.android.library.easing:library:1.0.2] AndroidManifest.xml:5:5-6:19
MERGED from [com.qq.mta:mta:3.4.7-release] AndroidManifest.xml:23:5-36:19
MERGED from [com.qq.mta:mta:3.4.7-release] AndroidManifest.xml:23:5-36:19
MERGED from [com.tencent.mid:mid:4.06-Release] AndroidManifest.xml:11:5-17:19
MERGED from [com.tencent.mid:mid:4.06-Release] AndroidManifest.xml:11:5-17:19
	android:supportsRtl
		ADDED from src\main\AndroidManifest.xml:49:9-35
	android:label
		ADDED from src\main\AndroidManifest.xml:48:9-41
	android:icon
		ADDED from src\main\AndroidManifest.xml:47:9-45
	android:allowBackup
		ADDED from src\main\AndroidManifest.xml:46:9-35
	android:theme
		ADDED from src\main\AndroidManifest.xml:50:9-40
	android:name
		ADDED from src\main\AndroidManifest.xml:45:9-40
activity#com.tencent.qcloud.tim.demo.ChoosePicActivity
ADDED from src\main\AndroidManifest.xml:51:9-64
	android:name
		ADDED from src\main\AndroidManifest.xml:51:19-52
activity#com.tencent.qcloud.tim.demo.login.LoginForDevActivity
ADDED from src\main\AndroidManifest.xml:52:9-62:20
	android:screenOrientation
		ADDED from src\main\AndroidManifest.xml:54:13-49
	android:theme
		ADDED from src\main\AndroidManifest.xml:55:13-47
	android:name
		ADDED from src\main\AndroidManifest.xml:53:13-54
intent-filter#android.intent.action.MAIN+android.intent.action.VIEW+android.intent.category.LAUNCHER
ADDED from src\main\AndroidManifest.xml:56:13-61:29
action#android.intent.action.VIEW
ADDED from src\main\AndroidManifest.xml:57:17-69
	android:name
		ADDED from src\main\AndroidManifest.xml:57:25-66
action#android.intent.action.MAIN
ADDED from src\main\AndroidManifest.xml:58:17-69
	android:name
		ADDED from src\main\AndroidManifest.xml:58:25-66
category#android.intent.category.LAUNCHER
ADDED from src\main\AndroidManifest.xml:60:17-77
	android:name
		ADDED from src\main\AndroidManifest.xml:60:27-74
activity#com.tencent.qcloud.tim.demo.chat.ChatActivity
ADDED from src\main\AndroidManifest.xml:65:9-69:70
	android:screenOrientation
		ADDED from src\main\AndroidManifest.xml:68:13-49
	android:launchMode
		ADDED from src\main\AndroidManifest.xml:67:13-44
	android:windowSoftInputMode
		ADDED from src\main\AndroidManifest.xml:69:13-67
	android:name
		ADDED from src\main\AndroidManifest.xml:66:13-46
activity#com.tencent.qcloud.tim.demo.main.MainActivity
ADDED from src\main\AndroidManifest.xml:70:9-73:52
	android:screenOrientation
		ADDED from src\main\AndroidManifest.xml:73:13-49
	android:launchMode
		ADDED from src\main\AndroidManifest.xml:72:13-44
	android:name
		ADDED from src\main\AndroidManifest.xml:71:13-46
activity#com.tencent.qcloud.tim.demo.menu.AddMoreActivity
ADDED from src\main\AndroidManifest.xml:74:9-76:52
	android:screenOrientation
		ADDED from src\main\AndroidManifest.xml:76:13-49
	android:name
		ADDED from src\main\AndroidManifest.xml:75:13-49
activity#com.tencent.qcloud.tim.demo.contact.FriendProfileActivity
ADDED from src\main\AndroidManifest.xml:77:9-79:52
	android:screenOrientation
		ADDED from src\main\AndroidManifest.xml:79:13-49
	android:name
		ADDED from src\main\AndroidManifest.xml:78:13-58
activity#com.tencent.qcloud.tim.demo.contact.NewFriendActivity
ADDED from src\main\AndroidManifest.xml:80:9-82:52
	android:screenOrientation
		ADDED from src\main\AndroidManifest.xml:82:13-49
	android:name
		ADDED from src\main\AndroidManifest.xml:81:13-54
activity#com.tencent.qcloud.tim.demo.contact.BlackListActivity
ADDED from src\main\AndroidManifest.xml:83:9-85:52
	android:screenOrientation
		ADDED from src\main\AndroidManifest.xml:85:13-49
	android:name
		ADDED from src\main\AndroidManifest.xml:84:13-54
activity#com.tencent.qcloud.tim.demo.contact.GroupListActivity
ADDED from src\main\AndroidManifest.xml:86:9-88:52
	android:screenOrientation
		ADDED from src\main\AndroidManifest.xml:88:13-49
	android:name
		ADDED from src\main\AndroidManifest.xml:87:13-54
activity#com.tencent.qcloud.tim.demo.menu.StartC2CChatActivity
ADDED from src\main\AndroidManifest.xml:89:9-91:52
	android:screenOrientation
		ADDED from src\main\AndroidManifest.xml:91:13-49
	android:name
		ADDED from src\main\AndroidManifest.xml:90:13-54
activity#com.tencent.qcloud.tim.demo.profile.WebViewActivity
ADDED from src\main\AndroidManifest.xml:92:9-94:52
	android:screenOrientation
		ADDED from src\main\AndroidManifest.xml:94:13-49
	android:name
		ADDED from src\main\AndroidManifest.xml:93:13-52
activity#com.tencent.qcloud.tim.demo.menu.StartGroupChatActivity
ADDED from src\main\AndroidManifest.xml:95:9-98:73
	android:screenOrientation
		ADDED from src\main\AndroidManifest.xml:97:13-49
	android:windowSoftInputMode
		ADDED from src\main\AndroidManifest.xml:98:13-70
	android:name
		ADDED from src\main\AndroidManifest.xml:96:13-56
service#com.tencent.imsdk.session.remote.SessionService
ADDED from src\main\AndroidManifest.xml:99:9-101:42
	android:process
		ADDED from src\main\AndroidManifest.xml:101:13-39
	android:name
		ADDED from src\main\AndroidManifest.xml:100:13-75
service#com.tencent.imsdk.session.remote.AssistService
ADDED from src\main\AndroidManifest.xml:102:9-104:42
	android:process
		ADDED from src\main\AndroidManifest.xml:104:13-39
	android:name
		ADDED from src\main\AndroidManifest.xml:103:13-74
service#com.tencent.imsdk.session.remote.KeepAliveJobService
ADDED from src\main\AndroidManifest.xml:105:9-108:42
	android:process
		ADDED from src\main\AndroidManifest.xml:108:13-39
	android:permission
		ADDED from src\main\AndroidManifest.xml:107:13-69
	android:name
		ADDED from src\main\AndroidManifest.xml:106:13-80
receiver#com.tencent.imsdk.session.SessionBroadcastReceiver
ADDED from src\main\AndroidManifest.xml:109:9-115:20
MERGED from [com.tencent.imsdk:imsdk:4.4.627] AndroidManifest.xml:34:9-41:20
MERGED from [com.tencent.imsdk:imsdk:4.4.627] AndroidManifest.xml:34:9-41:20
	android:name
		ADDED from src\main\AndroidManifest.xml:109:19-84
intent-filter#android.intent.action.BOOT_COMPLETED+android.net.conn.CONNECTIVITY_CHANGE+com.tencent.imsdk.session.boot
ADDED from src\main\AndroidManifest.xml:110:13-114:29
action#com.tencent.imsdk.session.boot
ADDED from src\main\AndroidManifest.xml:111:17-73
	android:name
		ADDED from src\main\AndroidManifest.xml:111:25-70
action#android.intent.action.BOOT_COMPLETED
ADDED from src\main\AndroidManifest.xml:112:17-79
	android:name
		ADDED from src\main\AndroidManifest.xml:112:25-76
action#android.net.conn.CONNECTIVITY_CHANGE
ADDED from src\main\AndroidManifest.xml:113:17-79
	android:name
		ADDED from src\main\AndroidManifest.xml:113:25-76
service#com.xiaomi.push.service.XMPushService
ADDED from src\main\AndroidManifest.xml:116:9-119:46
	android:process
		ADDED from src\main\AndroidManifest.xml:119:13-43
	android:enabled
		ADDED from src\main\AndroidManifest.xml:118:13-35
	android:name
		ADDED from src\main\AndroidManifest.xml:117:13-65
service#com.xiaomi.push.service.XMJobService
ADDED from src\main\AndroidManifest.xml:120:9-125:46
	android:process
		ADDED from src\main\AndroidManifest.xml:125:13-43
	android:enabled
		ADDED from src\main\AndroidManifest.xml:122:13-35
	android:exported
		ADDED from src\main\AndroidManifest.xml:123:13-37
	android:permission
		ADDED from src\main\AndroidManifest.xml:124:13-69
	android:name
		ADDED from src\main\AndroidManifest.xml:121:13-64
service#com.xiaomi.mipush.sdk.PushMessageHandler
ADDED from src\main\AndroidManifest.xml:126:9-129:39
	android:enabled
		ADDED from src\main\AndroidManifest.xml:128:13-35
	android:exported
		ADDED from src\main\AndroidManifest.xml:129:13-36
	android:name
		ADDED from src\main\AndroidManifest.xml:127:13-68
service#com.xiaomi.mipush.sdk.MessageHandleService
ADDED from src\main\AndroidManifest.xml:130:9-132:38
	android:enabled
		ADDED from src\main\AndroidManifest.xml:132:13-35
	android:name
		ADDED from src\main\AndroidManifest.xml:131:13-70
receiver#com.xiaomi.push.service.receivers.NetworkStatusReceiver
ADDED from src\main\AndroidManifest.xml:133:9-141:20
	android:exported
		ADDED from src\main\AndroidManifest.xml:135:13-36
	android:name
		ADDED from src\main\AndroidManifest.xml:134:13-83
intent-filter#android.intent.category.DEFAULT+android.net.conn.CONNECTIVITY_CHANGE
ADDED from src\main\AndroidManifest.xml:136:13-140:29
category#android.intent.category.DEFAULT
ADDED from src\main\AndroidManifest.xml:139:17-76
	android:name
		ADDED from src\main\AndroidManifest.xml:139:27-73
receiver#com.xiaomi.push.service.receivers.PingReceiver
ADDED from src\main\AndroidManifest.xml:142:9-149:20
	android:process
		ADDED from src\main\AndroidManifest.xml:145:13-43
	android:exported
		ADDED from src\main\AndroidManifest.xml:144:13-37
	android:name
		ADDED from src\main\AndroidManifest.xml:143:13-74
intent-filter#com.xiaomi.push.PING_TIMER
ADDED from src\main\AndroidManifest.xml:146:13-148:29
action#com.xiaomi.push.PING_TIMER
ADDED from src\main\AndroidManifest.xml:147:17-69
	android:name
		ADDED from src\main\AndroidManifest.xml:147:25-66
receiver#com.tencent.qcloud.tim.demo.thirdpush.XiaomiMsgReceiver
ADDED from src\main\AndroidManifest.xml:150:9-162:20
	android:exported
		ADDED from src\main\AndroidManifest.xml:152:13-36
	android:name
		ADDED from src\main\AndroidManifest.xml:151:13-56
intent-filter#com.xiaomi.mipush.RECEIVE_MESSAGE
ADDED from src\main\AndroidManifest.xml:153:13-155:29
action#com.xiaomi.mipush.RECEIVE_MESSAGE
ADDED from src\main\AndroidManifest.xml:154:17-76
	android:name
		ADDED from src\main\AndroidManifest.xml:154:25-73
intent-filter#com.xiaomi.mipush.MESSAGE_ARRIVED
ADDED from src\main\AndroidManifest.xml:156:13-158:29
action#com.xiaomi.mipush.MESSAGE_ARRIVED
ADDED from src\main\AndroidManifest.xml:157:17-76
	android:name
		ADDED from src\main\AndroidManifest.xml:157:25-73
intent-filter#com.xiaomi.mipush.ERROR
ADDED from src\main\AndroidManifest.xml:159:13-161:29
action#com.xiaomi.mipush.ERROR
ADDED from src\main\AndroidManifest.xml:160:17-66
	android:name
		ADDED from src\main\AndroidManifest.xml:160:25-63
meta-data#com.huawei.hms.client.appid
ADDED from src\main\AndroidManifest.xml:166:9-168:47
	android:value
		ADDED from src\main\AndroidManifest.xml:168:13-44
	android:name
		ADDED from src\main\AndroidManifest.xml:167:13-55
provider#com.huawei.hms.update.provider.UpdateProvider
ADDED from src\main\AndroidManifest.xml:170:9-174:50
	android:grantUriPermissions
		ADDED from src\main\AndroidManifest.xml:174:13-47
	android:authorities
		ADDED from src\main\AndroidManifest.xml:172:13-84
	android:exported
		ADDED from src\main\AndroidManifest.xml:173:13-37
	android:name
		ADDED from src\main\AndroidManifest.xml:171:13-73
provider#com.huawei.updatesdk.fileprovider.UpdateSdkFileProvider
ADDED from src\main\AndroidManifest.xml:175:9-179:50
	android:grantUriPermissions
		ADDED from src\main\AndroidManifest.xml:179:13-47
	android:authorities
		ADDED from src\main\AndroidManifest.xml:177:13-87
	android:exported
		ADDED from src\main\AndroidManifest.xml:178:13-37
	android:name
		ADDED from src\main\AndroidManifest.xml:176:13-83
activity#com.huawei.android.hms.agent.common.HMSAgentActivity
ADDED from src\main\AndroidManifest.xml:181:9-191:20
	android:excludeFromRecents
		ADDED from src\main\AndroidManifest.xml:184:13-46
	android:hardwareAccelerated
		ADDED from src\main\AndroidManifest.xml:186:13-47
	android:exported
		ADDED from src\main\AndroidManifest.xml:185:13-37
	android:configChanges
		ADDED from src\main\AndroidManifest.xml:183:13-92
	android:theme
		ADDED from src\main\AndroidManifest.xml:187:13-61
	android:name
		ADDED from src\main\AndroidManifest.xml:182:13-80
meta-data#hwc-theme
ADDED from src\main\AndroidManifest.xml:188:13-190:77
MERGED from [com.huawei.android.hms:base:2.6.3.301] AndroidManifest.xml:17:13-19:77
MERGED from [com.huawei.android.hms:base:2.6.3.301] AndroidManifest.xml:17:13-19:77
	android:value
		ADDED from src\main\AndroidManifest.xml:190:17-74
	android:name
		ADDED from src\main\AndroidManifest.xml:189:17-41
activity#com.huawei.hms.activity.BridgeActivity
ADDED from src\main\AndroidManifest.xml:192:9-202:20
MERGED from [com.huawei.android.hms:base:2.6.3.301] AndroidManifest.xml:10:9-20:20
MERGED from [com.huawei.android.hms:base:2.6.3.301] AndroidManifest.xml:10:9-20:20
	android:excludeFromRecents
		ADDED from src\main\AndroidManifest.xml:195:13-46
	android:hardwareAccelerated
		ADDED from src\main\AndroidManifest.xml:197:13-47
	android:exported
		ADDED from src\main\AndroidManifest.xml:196:13-37
	android:configChanges
		ADDED from src\main\AndroidManifest.xml:194:13-92
	android:theme
		ADDED from src\main\AndroidManifest.xml:198:13-61
	android:name
		ADDED from src\main\AndroidManifest.xml:193:13-66
receiver#com.tencent.qcloud.tim.demo.thirdpush.HUAWEIPushReceiver
ADDED from src\main\AndroidManifest.xml:204:9-216:20
	android:permission
		ADDED from src\main\AndroidManifest.xml:206:13-91
	android:name
		ADDED from src\main\AndroidManifest.xml:205:13-57
intent-filter#com.huawei.android.push.intent.RECEIVE+com.huawei.android.push.intent.REGISTRATION+com.huawei.intent.action.PUSH_DELAY_NOTIFY
ADDED from src\main\AndroidManifest.xml:207:13-215:29
action#com.huawei.android.push.intent.REGISTRATION
ADDED from src\main\AndroidManifest.xml:210:17-86
	android:name
		ADDED from src\main\AndroidManifest.xml:210:25-83
action#com.huawei.android.push.intent.RECEIVE
ADDED from src\main\AndroidManifest.xml:212:17-81
	android:name
		ADDED from src\main\AndroidManifest.xml:212:25-78
action#com.huawei.intent.action.PUSH_DELAY_NOTIFY
ADDED from src\main\AndroidManifest.xml:214:17-85
	android:name
		ADDED from src\main\AndroidManifest.xml:214:25-82
service#com.huawei.hms.support.api.push.service.HmsMsgService
ADDED from src\main\AndroidManifest.xml:218:9-227:19
	android:process
		ADDED from src\main\AndroidManifest.xml:222:13-43
	android:enabled
		ADDED from src\main\AndroidManifest.xml:220:13-35
	android:exported
		ADDED from src\main\AndroidManifest.xml:221:13-36
	android:name
		ADDED from src\main\AndroidManifest.xml:219:13-81
intent-filter#com.huawei.push.msg.NOTIFY_MSG+com.huawei.push.msg.PASSBY_MSG
ADDED from src\main\AndroidManifest.xml:223:13-226:29
action#com.huawei.push.msg.NOTIFY_MSG
ADDED from src\main\AndroidManifest.xml:224:17-73
	android:name
		ADDED from src\main\AndroidManifest.xml:224:25-70
action#com.huawei.push.msg.PASSBY_MSG
ADDED from src\main\AndroidManifest.xml:225:17-73
	android:name
		ADDED from src\main\AndroidManifest.xml:225:25-70
receiver#com.tencent.qcloud.tim.demo.thirdpush.MEIZUPushReceiver
ADDED from src\main\AndroidManifest.xml:229:9-244:20
	android:name
		ADDED from src\main\AndroidManifest.xml:229:19-62
intent-filter#com.meizu.c2dm.intent.RECEIVE+com.meizu.c2dm.intent.REGISTRATION+com.meizu.flyme.push.intent.MESSAGE+com.meizu.flyme.push.intent.REGISTER.FEEDBACK+com.meizu.flyme.push.intent.UNREGISTER.FEEDBACK+com.tencent.qcloud.uipojo.thirdpush
ADDED from src\main\AndroidManifest.xml:230:13-243:29
action#com.meizu.flyme.push.intent.MESSAGE
ADDED from src\main\AndroidManifest.xml:233:17-78
	android:name
		ADDED from src\main\AndroidManifest.xml:233:25-75
action#com.meizu.flyme.push.intent.REGISTER.FEEDBACK
ADDED from src\main\AndroidManifest.xml:235:17-88
	android:name
		ADDED from src\main\AndroidManifest.xml:235:25-85
action#com.meizu.flyme.push.intent.UNREGISTER.FEEDBACK
ADDED from src\main\AndroidManifest.xml:237:17-90
	android:name
		ADDED from src\main\AndroidManifest.xml:237:25-87
action#com.meizu.c2dm.intent.REGISTRATION
ADDED from src\main\AndroidManifest.xml:239:17-77
	android:name
		ADDED from src\main\AndroidManifest.xml:239:25-74
action#com.meizu.c2dm.intent.RECEIVE
ADDED from src\main\AndroidManifest.xml:240:17-72
	android:name
		ADDED from src\main\AndroidManifest.xml:240:25-69
category#com.tencent.qcloud.uipojo.thirdpush
ADDED from src\main\AndroidManifest.xml:242:17-80
	android:name
		ADDED from src\main\AndroidManifest.xml:242:27-77
service#com.vivo.push.sdk.service.CommandClientService
ADDED from src\main\AndroidManifest.xml:246:9-248:39
	android:exported
		ADDED from src\main\AndroidManifest.xml:248:13-36
	android:name
		ADDED from src\main\AndroidManifest.xml:247:13-74
activity#com.vivo.push.sdk.LinkProxyClientActivity
ADDED from src\main\AndroidManifest.xml:250:9-254:75
	android:screenOrientation